<?xml version="1.0" encoding="UTF-8"?>
<!-- Generated by org.testng.reporters.JUnitXMLReporter -->
<testsuite ignored="0" hostname="DESKTOP-FD7ROMO" failures="1" tests="1" name="TestClass" time="0.03" errors="0" timestamp="2022-11-17T01:56:36 IST">
  <testcase classname="DemoTestNG.Parameterization" name="Parameter" time="0.0">
    <failure type="org.testng.TestNGException" message="
Parameter &amp;apos;Admin&amp;apos; is required by @Test on method Parameter but has not been marked @Optional or defined
in C:\Users\khatu\eclipse-workspace\ExcelRWeekdaySeleniumTraining\testng.xml">
      <![CDATA[org.testng.TestNGException: 
Parameter 'Admin' is required by @Test on method Parameter but has not been marked @Optional or defined
in C:\Users\khatu\eclipse-workspace\ExcelRWeekdaySeleniumTraining\testng.xml
at java.base/java.util.ArrayList.forEach(ArrayList.java:1511)
... Removed 26 stack frames]]>
    </failure>
  </testcase> <!-- Parameter -->
</testsuite> <!-- TestClass -->
